-------------------------------------------------------------------------------
Test set: EnemyTest
-------------------------------------------------------------------------------
Tests run: 7, Failures: 1, Errors: 0, Skipped: 0, Time elapsed: 0.071 s <<< FAILURE! - in EnemyTest
EnemyChase(EnemyTest)  Time elapsed: 0.023 s  <<< FAILURE!
java.lang.AssertionError
	at EnemyTest.EnemyChase(EnemyTest.java:76)

