<?xml version="1.0" encoding="UTF-8"?>
<testsuite xmlns:xsi="http://www.w3.org/2001/XMLSchema-instance" xsi:noNamespaceSchemaLocation="https://maven.apache.org/surefire/maven-surefire-plugin/xsd/surefire-test-report.xsd" name="PlayerTest" time="0.135" tests="1" errors="1" skipped="0" failures="0">
  <properties>
[...]
</properties>
  <testcase name="MovePlayer" classname="PlayerTest" time="0.054">
    <error message="Cannot read field &quot;x&quot; because &quot;other&quot; is null" type="java.lang.NullPointerException">java.lang.NullPointerException: Cannot read field "x" because "other" is null
	at PlayerTest.MovePlayer(PlayerTest.java:40)
</error>
  </testcase>
</testsuite>