<?xml version="1.0" encoding="UTF-8"?>
<testsuite xmlns:xsi="http://www.w3.org/2001/XMLSchema-instance" xsi:noNamespaceSchemaLocation="https://maven.apache.org/surefire/maven-surefire-plugin/xsd/surefire-test-report.xsd" name="EnemyTest" time="0.071" tests="7" errors="0" skipped="0" failures="1">
  <properties>
[...]
</properties>
  <testcase name="EnemyChase" classname="EnemyTest" time="0.023">
    <failure type="java.lang.AssertionError">java.lang.AssertionError
	at EnemyTest.EnemyChase(EnemyTest.java:76)
</failure>
  </testcase>
  <testcase name="TrapTurnsInvisableAndVisable" classname="EnemyTest" time="0"/>
  <testcase name="BossCastAcility" classname="EnemyTest" time="0.001"/>
  <testcase name="playerAttacksTrap" classname="EnemyTest" time="0.001"/>
  <testcase name="EnemyMoveRandom" classname="EnemyTest" time="0.02"/>
  <testcase name="TrapAttackesPlayer" classname="EnemyTest" time="0.001"/>
  <testcase name="EnemyAttack" classname="EnemyTest" time="0"/>
</testsuite>