-------------------------------------------------------------------------------
Test set: ViewTest
-------------------------------------------------------------------------------
Tests run: 5, Failures: 0, Errors: 5, Skipped: 0, Time elapsed: 0.007 s <<< FAILURE! - in ViewTest
displayLevelUpTest(ViewTest)  Time elapsed: 0 s  <<< ERROR!
java.lang.RuntimeException: java.nio.file.NoSuchFileException: src\main\resources\Levels\level1.txt\level1.txt
	at ViewTest.setUp(ViewTest.java:39)
Caused by: java.nio.file.NoSuchFileException: src\main\resources\Levels\level1.txt\level1.txt
	at ViewTest.setUp(ViewTest.java:39)

displayBoardTest(ViewTest)  Time elapsed: 0.001 s  <<< ERROR!
java.lang.RuntimeException: java.nio.file.NoSuchFileException: src\main\resources\Levels\level1.txt\level1.txt
	at ViewTest.setUp(ViewTest.java:39)
Caused by: java.nio.file.NoSuchFileException: src\main\resources\Levels\level1.txt\level1.txt
	at ViewTest.setUp(ViewTest.java:39)

displayGameOverTest(ViewTest)  Time elapsed: 0.001 s  <<< ERROR!
java.lang.RuntimeException: java.nio.file.NoSuchFileException: src\main\resources\Levels\level1.txt\level1.txt
	at ViewTest.setUp(ViewTest.java:39)
Caused by: java.nio.file.NoSuchFileException: src\main\resources\Levels\level1.txt\level1.txt
	at ViewTest.setUp(ViewTest.java:39)

displayTest(ViewTest)  Time elapsed: 0.002 s  <<< ERROR!
java.lang.RuntimeException: java.nio.file.NoSuchFileException: src\main\resources\Levels\level1.txt\level1.txt
	at ViewTest.setUp(ViewTest.java:39)
Caused by: java.nio.file.NoSuchFileException: src\main\resources\Levels\level1.txt\level1.txt
	at ViewTest.setUp(ViewTest.java:39)

displayCombatTest(ViewTest)  Time elapsed: 0.002 s  <<< ERROR!
java.lang.RuntimeException: java.nio.file.NoSuchFileException: src\main\resources\Levels\level1.txt\level1.txt
	at ViewTest.setUp(ViewTest.java:39)
Caused by: java.nio.file.NoSuchFileException: src\main\resources\Levels\level1.txt\level1.txt
	at ViewTest.setUp(ViewTest.java:39)

